app/build/outputs/mapping/release/seeds.txt
com.theflopguyproductions.ticktrack.ui.utils.datepicker.extensions.CalendarGridView
com.theflopguyproductions.ticktrack.ui.counter.CounterFragment
com.theflopguyproductions.ticktrack.ui.utils.numberpicker.LightModeNumberPicker
com.theflopguyproductions.ticktrack.widgets.shortcuts.panel.ShortcutsPanelWidget
com.theflopguyproductions.ticktrack.widgets.shortcuts.StopwatchWidget
com.theflopguyproductions.ticktrack.widgets.counter.CounterWidget
com.theflopguyproductions.ticktrack.accounts.SwitchAccountActivity
com.theflopguyproductions.ticktrack.ui.timer.TimerCreatorFragment
com.theflopguyproductions.ticktrack.startup.fragments.BatteryOptimiseFragment
com.theflopguyproductions.ticktrack.startup.fragments.AutoStartFragment
com.theflopguyproductions.ticktrack.startup.service.BatteryOptimiseReceiver
com.theflopguyproductions.ticktrack.ui.utils.TickTrackEditText
com.theflopguyproductions.ticktrack.startup.fragments.ThemeFragment
com.theflopguyproductions.ticktrack.counter.activity.CounterActivity
com.theflopguyproductions.ticktrack.widgets.shortcuts.CreateTimerWidget
com.theflopguyproductions.ticktrack.application.TickTrack
com.theflopguyproductions.ticktrack.startup.fragments.RestoreFragment
com.theflopguyproductions.ticktrack.widgets.shortcuts.ScreensaverWidget
com.theflopguyproductions.ticktrack.ui.stopwatch.StopwatchFragment
com.theflopguyproductions.ticktrack.about.AboutActivity
com.theflopguyproductions.ticktrack.ui.utils.TickTrackCheckBox
com.theflopguyproductions.ticktrack.ui.utils.swipebutton.SwipeButton
com.theflopguyproductions.ticktrack.ui.timer.TimerRecyclerFragment
com.theflopguyproductions.ticktrack.timer.receivers.TimerBroadcastReceiver
com.theflopguyproductions.ticktrack.ui.utils.TickTrackCircleImageView
com.theflopguyproductions.ticktrack.timer.service.TimerService
com.theflopguyproductions.ticktrack.widgets.shortcuts.QuickTimerWidget
com.theflopguyproductions.ticktrack.receivers.BootReceiver
com.theflopguyproductions.ticktrack.timer.ringer.TimerRingerActivity
com.theflopguyproductions.ticktrack.counter.notification.CounterNotificationService
com.theflopguyproductions.ticktrack.receivers.BackupScheduleReceiver
com.theflopguyproductions.ticktrack.widgets.counter.CounterWidgetConfigActivity
com.theflopguyproductions.ticktrack.stopwatch.service.StopwatchNotificationService
com.theflopguyproductions.ticktrack.service.BackupRestoreService
com.theflopguyproductions.ticktrack.service.CloudNotificationService
com.theflopguyproductions.ticktrack.startup.StartUpActivity
com.theflopguyproductions.ticktrack.startup.fragments.IntroFragment
com.theflopguyproductions.ticktrack.receivers.TimeChangeReceiver
com.theflopguyproductions.ticktrack.ui.utils.TickTrackProgressBar
com.theflopguyproductions.ticktrack.ui.lottie.LottieAnimationView
com.theflopguyproductions.ticktrack.ui.timer.TimerFragment
com.theflopguyproductions.ticktrack.receivers.CounterMilestoneReceiver
com.theflopguyproductions.ticktrack.utils.button.TickTrackButton
com.theflopguyproductions.ticktrack.settings.SettingsActivity
com.theflopguyproductions.ticktrack.widgets.clock.TickTrackClockWidget
com.theflopguyproductions.ticktrack.ui.utils.radiobutton.TickTrackRadioButton
com.theflopguyproductions.ticktrack.ui.utils.datepicker.extensions.CalendarViewPager
com.theflopguyproductions.ticktrack.timer.service.TimerRingService
com.theflopguyproductions.ticktrack.widgets.shortcuts.panel.ShortcutsPanelConfigActivity
com.theflopguyproductions.ticktrack.ui.timer.QuickTimerCreatorFragment
com.theflopguyproductions.ticktrack.contributors.ContributorsActivity
com.theflopguyproductions.ticktrack.widgets.clock.ClockWidgetConfigActivity
com.theflopguyproductions.ticktrack.screensaver.ScreensaverActivity
com.theflopguyproductions.ticktrack.SoYouADeveloperHuh
com.theflopguyproductions.ticktrack.startup.service.OptimiserService
com.theflopguyproductions.ticktrack.counter.activity.CounterEditActivity
com.theflopguyproductions.ticktrack.timer.activity.TimerActivity
...
androidx.appcompat.widget.ViewStubCompat: int getInflatedId()
com.google.firebase.datatransport.TransportRegistrar: TransportRegistrar()
androidx.appcompat.widget.Toolbar: void setOnMenuItemClickListener(androidx.appcompat.widget.Toolbar$OnMenuItemClickListener)
com.google.android.material.floatingactionbutton.FloatingActionButton: void setShowMotionSpec(com.google.android.material.animation.MotionSpec)
androidx.core.view.ViewCompat$Api26Impl: void addKeyboardNavigationClusters(android.view.View,java.util.Collection,int)
com.google.android.material.textfield.TextInputLayout: void setPasswordVisibilityToggleContentDescription(int)
androidx.lifecycle.ProcessLifecycleOwner$3: void onActivityPaused(android.app.Activity)
com.google.android.material.internal.FlowLayout: int getRowCount()
com.google.firebase.analytics.FirebaseAnalytics: java.lang.String getFirebaseInstanceId()
androidx.appcompat.widget.Toolbar: void setTitleTextColor(android.content.res.ColorStateList)
androidx.appcompat.widget.AppCompatTextView: void setAllCaps(boolean)
com.google.android.material.internal.FlowLayout: int getItemSpacing()
com.google.android.material.bottomsheet.BottomSheetBehavior: BottomSheetBehavior(android.content.Context,android.util.AttributeSet)
com.bumptech.glide.manager.LifecycleLifecycle: void onDestroy(androidx.lifecycle.LifecycleOwner)
androidx.core.view.WindowInsetsCompat$BuilderImpl29: void setSystemGestureInsets(androidx.core.graphics.Insets)
com.google.android.material.chip.Chip: void setCloseIcon(android.graphics.drawable.Drawable)
androidx.appcompat.widget.Toolbar: java.lang.CharSequence getCollapseContentDescription()
com.google.android.gms.internal.measurement.zzgt: zzgt()
com.google.android.gms.internal.auth.zzel: zzel()
androidx.recyclerview.widget.GridLayoutManager: GridLayoutManager(android.content.Context,android.util.AttributeSet,int,int)
com.google.android.material.floatingactionbutton.FloatingActionButton: void setHideMotionSpecResource(int)
androidx.core.content.ContextCompat$Api16Impl: void startActivities(android.content.Context,android.content.Intent[],android.os.Bundle)
androidx.appcompat.widget.AppCompatRadioButton: android.graphics.PorterDuff$Mode getSupportBackgroundTintMode()
com.google.android.material.bottomappbar.BottomAppBar: float getFabCradleMargin()
androidx.appcompat.widget.AppCompatTextView: android.view.ActionMode$Callback getCustomSelectionActionModeCallback()
androidx.loader.content.ModernAsyncTask: ModernAsyncTask()
androidx.vectordrawable.graphics.drawable.VectorDrawableCompat$VFullPath: float getFillAlpha()
com.bumptech.glide.load.data.ParcelFileDescriptorRewinder$InternalRewinder: android.os.ParcelFileDescriptor rewind()
androidx.vectordrawable.graphics.drawable.VectorDrawableCompat$VFullPath: void setFillAlpha(float)
com.google.android.material.floatingactionbutton.FloatingActionButton: void setCompatElevationResource(int)
com.google.android.material.textfield.TextInputLayout: float getBoxCornerRadiusBottomEnd()
androidx.lifecycle.Lifecycle$State: androidx.lifecycle.Lifecycle$State[] values()
androidx.core.app.RemoteActionCompatParcelizer: RemoteActionCompatParcelizer()
com.google.android.material.internal.NavigationMenuItemView: void setIcon(android.graphics.drawable.Drawable)
androidx.constraintlayout.motion.widget.MotionHelper: float getProgress()
androidx.appcompat.widget.AppCompatTextView: void setTextClassifier(android.view.textclassifier.TextClassifier)
com.google.android.material.textfield.TextInputLayout: java.lang.CharSequence getPlaceholderText()
androidx.constraintlayout.motion.widget.MotionLayout: void setOnShow(float)
com.google.android.material.button.MaterialButton: int getStrokeWidth()
com.bumptech.glide.load.EncodeStrategy: com.bumptech.glide.load.EncodeStrategy[] values()
com.google.android.material.chip.Chip: android.text.TextUtils$TruncateAt getEllipsize()
kotlinx.coroutines.JobCancellingNode: JobCancellingNode()